<?xml version="1.0" encoding="UTF-8"?>
<!-- Generated by org.testng.reporters.JUnitReportReporter -->
<testsuite skipped="0" hostname="RAJ" name="Assignment.AddSingleProjectWithCreatedStatus" tests="1" failures="0" timestamp="2021-12-14T18:00:25 IST" time="0.000" errors="0">
  <testcase name="addSingleProjectWithCreatedStatus" time="0.000" classname="Assignment.AddSingleProjectWithCreatedStatus"/>
  <system-out/>
</testsuite> <!-- Assignment.AddSingleProjectWithCreatedStatus -->
