<?xml version="1.0" encoding="UTF-8"?>
<!-- Generated by org.testng.reporters.JUnitReportReporter -->
<testsuite hostname="PAWAN" failures="0" tests="1" name="differentWaysToPostRequest.PostOperationsUsingPojoClass" time="2.844" errors="0" timestamp="2021-12-09T16:03:07 IST" skipped="0">
  <testcase classname="differentWaysToPostRequest.PostOperationsUsingPojoClass" name="create" time="2.844"/>
  <system-out/>
</testsuite> <!-- differentWaysToPostRequest.PostOperationsUsingPojoClass -->
