<?xml version="1.0" encoding="UTF-8"?>
<!-- Generated by org.testng.reporters.JUnitReportReporter -->
<testsuite hostname="PAWAN" failures="0" tests="1" name="PostOperationsUsingJsonFile" time="3.224" errors="0" timestamp="2021-12-09T14:40:27 IST" skipped="0">
  <testcase classname="PostOperationsUsingJsonFile" name="create" time="3.224"/>
  <system-out/>
</testsuite> <!-- PostOperationsUsingJsonFile -->
