<?xml version="1.0" encoding="UTF-8"?>
<!-- Generated by org.testng.reporters.JUnitReportReporter -->
<testsuite hostname="PAWAN" failures="0" tests="1" name="testCasesProject.addDuplicateProject" time="2.751" errors="0" timestamp="2021-12-09T17:53:12 IST" skipped="0">
  <testcase classname="testCasesProject.addDuplicateProject" name="create" time="2.751"/>
  <system-out/>
</testsuite> <!-- testCasesProject.addDuplicateProject -->
