<?xml version="1.0" encoding="UTF-8"?>
<!-- Generated by org.testng.reporters.JUnitReportReporter -->
<testsuite hostname="PAWAN" failures="0" tests="1" name="responseValidation.validateUsingHamcrest" time="3.476" errors="0" timestamp="2021-12-10T14:42:13 IST" skipped="0">
  <testcase classname="responseValidation.validateUsingHamcrest" name="validate" time="3.476"/>
  <system-out/>
</testsuite> <!-- responseValidation.validateUsingHamcrest -->
