<?xml version="1.0" encoding="UTF-8"?>
<!-- Generated by org.testng.reporters.JUnitReportReporter -->
<testsuite hostname="PAWAN" failures="0" tests="1" name="testCasesProject.addSingleProjectWithCreatedStatus" time="3.119" errors="0" timestamp="2021-12-09T17:38:31 IST" skipped="0">
  <testcase classname="testCasesProject.addSingleProjectWithCreatedStatus" name="create" time="3.119"/>
  <system-out/>
</testsuite> <!-- testCasesProject.addSingleProjectWithCreatedStatus -->
