<?xml version="1.0" encoding="UTF-8"?>
<!-- Generated by org.testng.reporters.JUnitReportReporter -->
<testsuite hostname="PAWAN" failures="0" tests="1" name="testCasesProject.addProjectWithInValidStatus" time="2.824" errors="0" timestamp="2021-12-09T17:49:34 IST" skipped="0">
  <testcase classname="testCasesProject.addProjectWithInValidStatus" name="create" time="2.824"/>
  <system-out/>
</testsuite> <!-- testCasesProject.addProjectWithInValidStatus -->
