<?xml version="1.0" encoding="UTF-8"?>
<!-- Generated by org.testng.reporters.JUnitReportReporter -->
<testsuite hostname="PAWAN" failures="0" tests="1" name="testCasesProject.addProjectWithCompletedStats" time="2.752" errors="0" timestamp="2021-12-09T17:45:05 IST" skipped="0">
  <testcase classname="testCasesProject.addProjectWithCompletedStats" name="create" time="2.752"/>
  <system-out/>
</testsuite> <!-- testCasesProject.addProjectWithCompletedStats -->
