<?xml version="1.0" encoding="UTF-8"?>
<!-- Generated by org.testng.reporters.JUnitReportReporter -->
<testsuite skipped="0" hostname="RAJ" name="authentication.BearerToken" tests="1" failures="0" timestamp="2021-12-13T13:11:17 IST" time="3.185" errors="0">
  <testcase name="bearerToken" time="3.185" classname="authentication.BearerToken"/>
  <system-out/>
</testsuite> <!-- authentication.BearerToken -->
