<?xml version="1.0" encoding="UTF-8"?>
<!-- Generated by org.testng.reporters.JUnitReportReporter -->
<testsuite skipped="0" hostname="RAJ" name="requestchaining.GetDeleteChaining" tests="1" failures="0" timestamp="2021-12-13T16:45:26 IST" time="4.527" errors="0">
  <testcase name="endToEnd" time="4.527" classname="requestchaining.GetDeleteChaining"/>
  <system-out/>
</testsuite> <!-- requestchaining.GetDeleteChaining -->
