<?xml version="1.0" encoding="UTF-8"?>
<!-- Generated by org.testng.reporters.JUnitReportReporter -->
<testsuite hostname="PAWAN" failures="0" tests="1" name="testCasesProject.addProjectWitONGoingStatus" time="2.768" errors="0" timestamp="2021-12-09T17:42:29 IST" skipped="0">
  <testcase classname="testCasesProject.addProjectWitONGoingStatus" name="create" time="2.768"/>
  <system-out/>
</testsuite> <!-- testCasesProject.addProjectWitONGoingStatus -->
