<?xml version="1.0" encoding="UTF-8"?>
<!-- Generated by org.testng.reporters.JUnitReportReporter -->
<testsuite hostname="PAWAN" failures="0" tests="1" name="parameters.pathParameter" time="5.761" errors="0" timestamp="2021-12-10T15:05:29 IST" skipped="0">
  <testcase classname="parameters.pathParameter" name="parameters" time="5.761"/>
  <system-out/>
</testsuite> <!-- parameters.pathParameter -->
