<?xml version="1.0" encoding="UTF-8"?>
<!-- Generated by org.testng.reporters.JUnitReportReporter -->
<testsuite hostname="PAWAN" failures="0" tests="1" name="PostOperationsUsingHasmap" time="2.764" errors="0" timestamp="2021-12-09T14:25:41 IST" skipped="0">
  <testcase classname="PostOperationsUsingHasmap" name="create" time="2.764"/>
  <system-out/>
</testsuite> <!-- PostOperationsUsingHasmap -->
