<?xml version="1.0" encoding="UTF-8"?>
<!-- Generated by org.testng.reporters.JUnitReportReporter -->
<testsuite skipped="0" hostname="RAJ" name="Assignment.VeifyProName" tests="1" failures="0" timestamp="2021-12-13T16:50:08 IST" time="3.927" errors="0">
  <testcase name="verify" time="3.927" classname="Assignment.VeifyProName"/>
  <system-out>
    <![CDATA[Project name is matching]]>
  </system-out>
</testsuite> <!-- Assignment.VeifyProName -->
