<?xml version="1.0" encoding="UTF-8"?>
<!-- Generated by org.testng.reporters.JUnitReportReporter -->
<testsuite hostname="PAWAN" failures="0" tests="1" name="postOperations.PostOperationsUsingJsonFile" time="2.472" errors="0" timestamp="2021-12-09T14:49:13 IST" skipped="0">
  <testcase classname="postOperations.PostOperationsUsingJsonFile" name="create" time="2.472"/>
  <system-out/>
</testsuite> <!-- postOperations.PostOperationsUsingJsonFile -->
