<?xml version="1.0" encoding="UTF-8"?>
<!-- Generated by org.testng.reporters.JUnitReportReporter -->
<testsuite hostname="PAWAN" failures="0" tests="1" name="CrudOperationsWithoutBdd.GetAllResources" time="3.764" errors="0" timestamp="2021-12-11T13:16:06 IST" skipped="0">
  <testcase classname="CrudOperationsWithoutBdd.GetAllResources" name="getResources" time="3.764"/>
  <system-out/>
</testsuite> <!-- CrudOperationsWithoutBdd.GetAllResources -->
