<?xml version="1.0" encoding="UTF-8"?>
<!-- Generated by org.testng.reporters.JUnitReportReporter -->
<testsuite hostname="PAWAN" failures="0" tests="1" name="crudOperationsWithBdd.deleteResouce" time="2.523" errors="0" timestamp="2021-12-09T13:18:56 IST" skipped="0">
  <testcase classname="crudOperationsWithBdd.deleteResouce" name="deleteResources" time="2.523"/>
  <system-out/>
</testsuite> <!-- crudOperationsWithBdd.deleteResouce -->
