<?xml version="1.0" encoding="UTF-8"?>
<!-- Generated by org.testng.reporters.JUnitReportReporter -->
<testsuite hostname="PAWAN" failures="0" tests="1" name="CrudOperationsWithoutBdd.updateTheResource" time="3.188" errors="0" timestamp="2021-12-09T12:30:11 IST" skipped="0">
  <testcase classname="CrudOperationsWithoutBdd.updateTheResource" name="updateateResources" time="3.188"/>
  <system-out/>
</testsuite> <!-- CrudOperationsWithoutBdd.updateTheResource -->
