<?xml version="1.0" encoding="UTF-8"?>
<!-- Generated by org.testng.reporters.JUnitReportReporter -->
<testsuite hostname="PAWAN" failures="0" tests="1" name="parameters.parametersUsingGithub" time="3.910" errors="0" timestamp="2021-12-10T15:43:30 IST" skipped="0">
  <testcase classname="parameters.parametersUsingGithub" name="validate" time="3.910"/>
  <system-out/>
</testsuite> <!-- parameters.parametersUsingGithub -->
