<?xml version="1.0" encoding="UTF-8"?>
<!-- Generated by org.testng.reporters.JUnitReportReporter -->
<testsuite hostname="PAWAN" failures="0" tests="1" name="responseValidation.staticResponseValidation" time="3.113" errors="0" timestamp="2021-12-10T11:35:43 IST" skipped="0">
  <testcase classname="responseValidation.staticResponseValidation" name="validation" time="3.113"/>
  <system-out/>
</testsuite> <!-- responseValidation.staticResponseValidation -->
