<?xml version="1.0" encoding="UTF-8"?>
<!-- Generated by org.testng.reporters.JUnitReportReporter -->
<testsuite hostname="PAWAN" failures="0" tests="1" name="parameters.queryParameter" time="2.864" errors="0" timestamp="2021-12-10T14:55:04 IST" skipped="0">
  <testcase classname="parameters.queryParameter" name="parameters" time="2.864"/>
  <system-out/>
</testsuite> <!-- parameters.queryParameter -->
