<?xml version="1.0" encoding="UTF-8"?>
<!-- Generated by org.testng.reporters.JUnitReportReporter -->
<testsuite hostname="PAWAN" failures="0" tests="1" name="crudOperationsWithBdd.updateTheResource" time="2.875" errors="0" timestamp="2021-12-09T13:13:08 IST" skipped="0">
  <testcase classname="crudOperationsWithBdd.updateTheResource" name="updateResources" time="2.875"/>
  <system-out/>
</testsuite> <!-- crudOperationsWithBdd.updateTheResource -->
